[2024-12-16 21:52:33,560: INFO: main: Welcome to our custom logging]
[2024-12-16 21:52:50,318: INFO: main: Welcome to our custom logging]
[2024-12-16 22:47:32,804: INFO: common: yaml file: config\config.yaml loaded successfully]
[2024-12-16 22:47:32,807: INFO: common: yaml file: params.yaml loaded successfully]
[2024-12-16 22:47:32,809: INFO: common: yaml file: schema.yaml loaded successfully]
[2024-12-16 22:47:32,810: INFO: common: created directory at: artifacts]
[2024-12-16 22:47:32,811: INFO: common: created directory at: artifacts/data_ingestion]
[2024-12-16 22:47:33,455: INFO: 2092720032: artifacts/data_ingestion/data.zip download! with following info: 
Connection: close
Content-Length: 23329
Cache-Control: max-age=300
Content-Security-Policy: default-src 'none'; style-src 'unsafe-inline'; sandbox
Content-Type: application/zip
ETag: "c69888a4ae59bc5a893392785a938ccd4937981c06ba8a9d6a21aa52b4ab5b6e"
Strict-Transport-Security: max-age=31536000
X-Content-Type-Options: nosniff
X-Frame-Options: deny
X-XSS-Protection: 1; mode=block
X-GitHub-Request-Id: 9EF8:266931:C68C3:E1D33:67609FF4
Accept-Ranges: bytes
Date: Mon, 16 Dec 2024 21:47:32 GMT
Via: 1.1 varnish
X-Served-By: cache-man4140-MAN
X-Cache: MISS
X-Cache-Hits: 0
X-Timer: S1734385653.785057,VS0,VE180
Vary: Authorization,Accept-Encoding,Origin
Access-Control-Allow-Origin: *
Cross-Origin-Resource-Policy: cross-origin
X-Fastly-Request-ID: 3250fd9a984f3b0dbdfc3803194c0705774bc0cd
Expires: Mon, 16 Dec 2024 21:52:32 GMT
Source-Age: 0

]
[2024-12-17 12:27:34,706: INFO: main: >>>>>> stage Data Ingestion Stage started <<<<<<]
[2024-12-17 12:27:34,708: INFO: common: yaml file: config\config.yaml loaded successfully]
[2024-12-17 12:27:34,711: INFO: common: yaml file: params.yaml loaded successfully]
[2024-12-17 12:27:34,711: INFO: common: yaml file: schema.yaml loaded successfully]
[2024-12-17 12:27:34,712: INFO: common: created directory at: artifacts]
[2024-12-17 12:27:34,713: INFO: common: created directory at: artifacts/data_ingestion]
[2024-12-17 12:27:34,762: ERROR: main: <urlopen error [Errno 11001] getaddrinfo failed>]
Traceback (most recent call last):
  File "C:\Program Files\WindowsApps\PythonSoftwareFoundation.Python.3.9_3.9.3568.0_x64__qbz5n2kfra8p0\lib\urllib\request.py", line 1346, in do_open
    h.request(req.get_method(), req.selector, req.data, headers,
  File "C:\Program Files\WindowsApps\PythonSoftwareFoundation.Python.3.9_3.9.3568.0_x64__qbz5n2kfra8p0\lib\http\client.py", line 1285, in request
    self._send_request(method, url, body, headers, encode_chunked)
  File "C:\Program Files\WindowsApps\PythonSoftwareFoundation.Python.3.9_3.9.3568.0_x64__qbz5n2kfra8p0\lib\http\client.py", line 1331, in _send_request
    self.endheaders(body, encode_chunked=encode_chunked)
  File "C:\Program Files\WindowsApps\PythonSoftwareFoundation.Python.3.9_3.9.3568.0_x64__qbz5n2kfra8p0\lib\http\client.py", line 1280, in endheaders
    self._send_output(message_body, encode_chunked=encode_chunked)
  File "C:\Program Files\WindowsApps\PythonSoftwareFoundation.Python.3.9_3.9.3568.0_x64__qbz5n2kfra8p0\lib\http\client.py", line 1040, in _send_output
    self.send(msg)
  File "C:\Program Files\WindowsApps\PythonSoftwareFoundation.Python.3.9_3.9.3568.0_x64__qbz5n2kfra8p0\lib\http\client.py", line 980, in send
    self.connect()
  File "C:\Program Files\WindowsApps\PythonSoftwareFoundation.Python.3.9_3.9.3568.0_x64__qbz5n2kfra8p0\lib\http\client.py", line 1447, in connect
    super().connect()
  File "C:\Program Files\WindowsApps\PythonSoftwareFoundation.Python.3.9_3.9.3568.0_x64__qbz5n2kfra8p0\lib\http\client.py", line 946, in connect
    self.sock = self._create_connection(
  File "C:\Program Files\WindowsApps\PythonSoftwareFoundation.Python.3.9_3.9.3568.0_x64__qbz5n2kfra8p0\lib\socket.py", line 823, in create_connection
    for res in getaddrinfo(host, port, 0, SOCK_STREAM):
  File "C:\Program Files\WindowsApps\PythonSoftwareFoundation.Python.3.9_3.9.3568.0_x64__qbz5n2kfra8p0\lib\socket.py", line 954, in getaddrinfo
    for res in _socket.getaddrinfo(host, port, family, type, proto, flags):
socket.gaierror: [Errno 11001] getaddrinfo failed

During handling of the above exception, another exception occurred:

Traceback (most recent call last):
  File "d:\Revision\automated_deployment_of_an_ml_solution\main.py", line 10, in <module>
    obj.initiate_data_ingestion()
  File "d:\Revision\automated_deployment_of_an_ml_solution\src\datascience\pipeline\data_ingestion_pipeline.py", line 17, in initiate_data_ingestion
    data_ingestion.download_file()
  File "d:\Revision\automated_deployment_of_an_ml_solution\src\datascience\components\data_ingestion.py", line 17, in download_file
    filename, headers = request.urlretrieve(
  File "C:\Program Files\WindowsApps\PythonSoftwareFoundation.Python.3.9_3.9.3568.0_x64__qbz5n2kfra8p0\lib\urllib\request.py", line 239, in urlretrieve
    with contextlib.closing(urlopen(url, data)) as fp:
  File "C:\Program Files\WindowsApps\PythonSoftwareFoundation.Python.3.9_3.9.3568.0_x64__qbz5n2kfra8p0\lib\urllib\request.py", line 214, in urlopen
    return opener.open(url, data, timeout)
  File "C:\Program Files\WindowsApps\PythonSoftwareFoundation.Python.3.9_3.9.3568.0_x64__qbz5n2kfra8p0\lib\urllib\request.py", line 517, in open
    response = self._open(req, data)
  File "C:\Program Files\WindowsApps\PythonSoftwareFoundation.Python.3.9_3.9.3568.0_x64__qbz5n2kfra8p0\lib\urllib\request.py", line 534, in _open
    result = self._call_chain(self.handle_open, protocol, protocol +
  File "C:\Program Files\WindowsApps\PythonSoftwareFoundation.Python.3.9_3.9.3568.0_x64__qbz5n2kfra8p0\lib\urllib\request.py", line 494, in _call_chain
    result = func(*args)
  File "C:\Program Files\WindowsApps\PythonSoftwareFoundation.Python.3.9_3.9.3568.0_x64__qbz5n2kfra8p0\lib\urllib\request.py", line 1389, in https_open
    return self.do_open(http.client.HTTPSConnection, req,
  File "C:\Program Files\WindowsApps\PythonSoftwareFoundation.Python.3.9_3.9.3568.0_x64__qbz5n2kfra8p0\lib\urllib\request.py", line 1349, in do_open
    raise URLError(err)
urllib.error.URLError: <urlopen error [Errno 11001] getaddrinfo failed>
[2024-12-17 12:29:10,498: INFO: main: >>>>>> stage Data Ingestion Stage started <<<<<<]
[2024-12-17 12:29:10,500: INFO: common: yaml file: config\config.yaml loaded successfully]
[2024-12-17 12:29:10,501: INFO: common: yaml file: params.yaml loaded successfully]
[2024-12-17 12:29:10,501: INFO: common: yaml file: schema.yaml loaded successfully]
[2024-12-17 12:29:10,501: INFO: common: created directory at: artifacts]
[2024-12-17 12:29:10,503: INFO: common: created directory at: artifacts/data_ingestion]
[2024-12-17 12:29:10,527: ERROR: main: <urlopen error [Errno 11001] getaddrinfo failed>]
Traceback (most recent call last):
  File "C:\Program Files\WindowsApps\PythonSoftwareFoundation.Python.3.9_3.9.3568.0_x64__qbz5n2kfra8p0\lib\urllib\request.py", line 1346, in do_open
    h.request(req.get_method(), req.selector, req.data, headers,
  File "C:\Program Files\WindowsApps\PythonSoftwareFoundation.Python.3.9_3.9.3568.0_x64__qbz5n2kfra8p0\lib\http\client.py", line 1285, in request
    self._send_request(method, url, body, headers, encode_chunked)
  File "C:\Program Files\WindowsApps\PythonSoftwareFoundation.Python.3.9_3.9.3568.0_x64__qbz5n2kfra8p0\lib\http\client.py", line 1331, in _send_request
    self.endheaders(body, encode_chunked=encode_chunked)
  File "C:\Program Files\WindowsApps\PythonSoftwareFoundation.Python.3.9_3.9.3568.0_x64__qbz5n2kfra8p0\lib\http\client.py", line 1280, in endheaders
    self._send_output(message_body, encode_chunked=encode_chunked)
  File "C:\Program Files\WindowsApps\PythonSoftwareFoundation.Python.3.9_3.9.3568.0_x64__qbz5n2kfra8p0\lib\http\client.py", line 1040, in _send_output
    self.send(msg)
  File "C:\Program Files\WindowsApps\PythonSoftwareFoundation.Python.3.9_3.9.3568.0_x64__qbz5n2kfra8p0\lib\http\client.py", line 980, in send
    self.connect()
  File "C:\Program Files\WindowsApps\PythonSoftwareFoundation.Python.3.9_3.9.3568.0_x64__qbz5n2kfra8p0\lib\http\client.py", line 1447, in connect
    super().connect()
  File "C:\Program Files\WindowsApps\PythonSoftwareFoundation.Python.3.9_3.9.3568.0_x64__qbz5n2kfra8p0\lib\http\client.py", line 946, in connect
    self.sock = self._create_connection(
  File "C:\Program Files\WindowsApps\PythonSoftwareFoundation.Python.3.9_3.9.3568.0_x64__qbz5n2kfra8p0\lib\socket.py", line 823, in create_connection
    for res in getaddrinfo(host, port, 0, SOCK_STREAM):
  File "C:\Program Files\WindowsApps\PythonSoftwareFoundation.Python.3.9_3.9.3568.0_x64__qbz5n2kfra8p0\lib\socket.py", line 954, in getaddrinfo
    for res in _socket.getaddrinfo(host, port, family, type, proto, flags):
socket.gaierror: [Errno 11001] getaddrinfo failed

During handling of the above exception, another exception occurred:

Traceback (most recent call last):
  File "d:\Revision\automated_deployment_of_an_ml_solution\main.py", line 10, in <module>
    obj.initiate_data_ingestion()
  File "d:\Revision\automated_deployment_of_an_ml_solution\src\datascience\pipeline\data_ingestion_pipeline.py", line 17, in initiate_data_ingestion
    data_ingestion.download_file()
  File "d:\Revision\automated_deployment_of_an_ml_solution\src\datascience\components\data_ingestion.py", line 17, in download_file
    filename, headers = request.urlretrieve(
  File "C:\Program Files\WindowsApps\PythonSoftwareFoundation.Python.3.9_3.9.3568.0_x64__qbz5n2kfra8p0\lib\urllib\request.py", line 239, in urlretrieve
    with contextlib.closing(urlopen(url, data)) as fp:
  File "C:\Program Files\WindowsApps\PythonSoftwareFoundation.Python.3.9_3.9.3568.0_x64__qbz5n2kfra8p0\lib\urllib\request.py", line 214, in urlopen
    return opener.open(url, data, timeout)
  File "C:\Program Files\WindowsApps\PythonSoftwareFoundation.Python.3.9_3.9.3568.0_x64__qbz5n2kfra8p0\lib\urllib\request.py", line 517, in open
    response = self._open(req, data)
  File "C:\Program Files\WindowsApps\PythonSoftwareFoundation.Python.3.9_3.9.3568.0_x64__qbz5n2kfra8p0\lib\urllib\request.py", line 534, in _open
    result = self._call_chain(self.handle_open, protocol, protocol +
  File "C:\Program Files\WindowsApps\PythonSoftwareFoundation.Python.3.9_3.9.3568.0_x64__qbz5n2kfra8p0\lib\urllib\request.py", line 494, in _call_chain
    result = func(*args)
  File "C:\Program Files\WindowsApps\PythonSoftwareFoundation.Python.3.9_3.9.3568.0_x64__qbz5n2kfra8p0\lib\urllib\request.py", line 1389, in https_open
    return self.do_open(http.client.HTTPSConnection, req,
  File "C:\Program Files\WindowsApps\PythonSoftwareFoundation.Python.3.9_3.9.3568.0_x64__qbz5n2kfra8p0\lib\urllib\request.py", line 1349, in do_open
    raise URLError(err)
urllib.error.URLError: <urlopen error [Errno 11001] getaddrinfo failed>
[2024-12-17 12:29:40,102: INFO: main: >>>>>> stage Data Ingestion Stage started <<<<<<]
[2024-12-17 12:29:40,104: INFO: common: yaml file: config\config.yaml loaded successfully]
[2024-12-17 12:29:40,104: INFO: common: yaml file: params.yaml loaded successfully]
[2024-12-17 12:29:40,104: INFO: common: yaml file: schema.yaml loaded successfully]
[2024-12-17 12:29:40,105: INFO: common: created directory at: artifacts]
[2024-12-17 12:29:40,105: INFO: common: created directory at: artifacts/data_ingestion]
[2024-12-17 12:29:52,159: ERROR: main: <urlopen error [Errno 11001] getaddrinfo failed>]
Traceback (most recent call last):
  File "C:\Program Files\WindowsApps\PythonSoftwareFoundation.Python.3.9_3.9.3568.0_x64__qbz5n2kfra8p0\lib\urllib\request.py", line 1346, in do_open
    h.request(req.get_method(), req.selector, req.data, headers,
  File "C:\Program Files\WindowsApps\PythonSoftwareFoundation.Python.3.9_3.9.3568.0_x64__qbz5n2kfra8p0\lib\http\client.py", line 1285, in request
    self._send_request(method, url, body, headers, encode_chunked)
  File "C:\Program Files\WindowsApps\PythonSoftwareFoundation.Python.3.9_3.9.3568.0_x64__qbz5n2kfra8p0\lib\http\client.py", line 1331, in _send_request
    self.endheaders(body, encode_chunked=encode_chunked)
  File "C:\Program Files\WindowsApps\PythonSoftwareFoundation.Python.3.9_3.9.3568.0_x64__qbz5n2kfra8p0\lib\http\client.py", line 1280, in endheaders
    self._send_output(message_body, encode_chunked=encode_chunked)
  File "C:\Program Files\WindowsApps\PythonSoftwareFoundation.Python.3.9_3.9.3568.0_x64__qbz5n2kfra8p0\lib\http\client.py", line 1040, in _send_output
    self.send(msg)
  File "C:\Program Files\WindowsApps\PythonSoftwareFoundation.Python.3.9_3.9.3568.0_x64__qbz5n2kfra8p0\lib\http\client.py", line 980, in send
    self.connect()
  File "C:\Program Files\WindowsApps\PythonSoftwareFoundation.Python.3.9_3.9.3568.0_x64__qbz5n2kfra8p0\lib\http\client.py", line 1447, in connect
    super().connect()
  File "C:\Program Files\WindowsApps\PythonSoftwareFoundation.Python.3.9_3.9.3568.0_x64__qbz5n2kfra8p0\lib\http\client.py", line 946, in connect
    self.sock = self._create_connection(
  File "C:\Program Files\WindowsApps\PythonSoftwareFoundation.Python.3.9_3.9.3568.0_x64__qbz5n2kfra8p0\lib\socket.py", line 823, in create_connection
    for res in getaddrinfo(host, port, 0, SOCK_STREAM):
  File "C:\Program Files\WindowsApps\PythonSoftwareFoundation.Python.3.9_3.9.3568.0_x64__qbz5n2kfra8p0\lib\socket.py", line 954, in getaddrinfo
    for res in _socket.getaddrinfo(host, port, family, type, proto, flags):
socket.gaierror: [Errno 11001] getaddrinfo failed

During handling of the above exception, another exception occurred:

Traceback (most recent call last):
  File "d:\Revision\automated_deployment_of_an_ml_solution\main.py", line 10, in <module>
    obj.initiate_data_ingestion()
  File "d:\Revision\automated_deployment_of_an_ml_solution\src\datascience\pipeline\data_ingestion_pipeline.py", line 17, in initiate_data_ingestion
    data_ingestion.download_file()
  File "d:\Revision\automated_deployment_of_an_ml_solution\src\datascience\components\data_ingestion.py", line 17, in download_file
    filename, headers = request.urlretrieve(
  File "C:\Program Files\WindowsApps\PythonSoftwareFoundation.Python.3.9_3.9.3568.0_x64__qbz5n2kfra8p0\lib\urllib\request.py", line 239, in urlretrieve
    with contextlib.closing(urlopen(url, data)) as fp:
  File "C:\Program Files\WindowsApps\PythonSoftwareFoundation.Python.3.9_3.9.3568.0_x64__qbz5n2kfra8p0\lib\urllib\request.py", line 214, in urlopen
    return opener.open(url, data, timeout)
  File "C:\Program Files\WindowsApps\PythonSoftwareFoundation.Python.3.9_3.9.3568.0_x64__qbz5n2kfra8p0\lib\urllib\request.py", line 517, in open
    response = self._open(req, data)
  File "C:\Program Files\WindowsApps\PythonSoftwareFoundation.Python.3.9_3.9.3568.0_x64__qbz5n2kfra8p0\lib\urllib\request.py", line 534, in _open
    result = self._call_chain(self.handle_open, protocol, protocol +
  File "C:\Program Files\WindowsApps\PythonSoftwareFoundation.Python.3.9_3.9.3568.0_x64__qbz5n2kfra8p0\lib\urllib\request.py", line 494, in _call_chain
    result = func(*args)
  File "C:\Program Files\WindowsApps\PythonSoftwareFoundation.Python.3.9_3.9.3568.0_x64__qbz5n2kfra8p0\lib\urllib\request.py", line 1389, in https_open
    return self.do_open(http.client.HTTPSConnection, req,
  File "C:\Program Files\WindowsApps\PythonSoftwareFoundation.Python.3.9_3.9.3568.0_x64__qbz5n2kfra8p0\lib\urllib\request.py", line 1349, in do_open
    raise URLError(err)
urllib.error.URLError: <urlopen error [Errno 11001] getaddrinfo failed>
[2024-12-17 12:30:19,087: INFO: main: >>>>>> stage Data Ingestion Stage started <<<<<<]
[2024-12-17 12:30:19,089: INFO: common: yaml file: config\config.yaml loaded successfully]
[2024-12-17 12:30:19,090: INFO: common: yaml file: params.yaml loaded successfully]
[2024-12-17 12:30:19,091: INFO: common: yaml file: schema.yaml loaded successfully]
[2024-12-17 12:30:19,091: INFO: common: created directory at: artifacts]
[2024-12-17 12:30:19,092: INFO: common: created directory at: artifacts/data_ingestion]
[2024-12-17 12:30:32,562: INFO: data_ingestion: artifacts/data_ingestion/data.zip download! with following info: 
Connection: close
Content-Length: 23329
Cache-Control: max-age=300
Content-Security-Policy: default-src 'none'; style-src 'unsafe-inline'; sandbox
Content-Type: application/zip
ETag: "c69888a4ae59bc5a893392785a938ccd4937981c06ba8a9d6a21aa52b4ab5b6e"
Strict-Transport-Security: max-age=31536000
X-Content-Type-Options: nosniff
X-Frame-Options: deny
X-XSS-Protection: 1; mode=block
X-GitHub-Request-Id: 0A59:3C5D9E:D3C3C:D830A:676160D7
Accept-Ranges: bytes
Date: Tue, 17 Dec 2024 11:30:32 GMT
Via: 1.1 varnish
X-Served-By: cache-cdg-lfpb1150034-CDG
X-Cache: MISS
X-Cache-Hits: 0
X-Timer: S1734435032.090745,VS0,VE196
Vary: Authorization,Accept-Encoding,Origin
Access-Control-Allow-Origin: *
Cross-Origin-Resource-Policy: cross-origin
X-Fastly-Request-ID: a5637a392a3953b7e031ebc30cc61f100bcc9e48
Expires: Tue, 17 Dec 2024 11:35:32 GMT
Source-Age: 0

]
[2024-12-17 12:30:32,573: INFO: main: >>>>>> stage Data Ingestion Stage completed <<<<<<

x==========x]
[2024-12-17 15:26:51,115: INFO: common: yaml file: config\config.yaml loaded successfully]
[2024-12-17 15:26:51,119: INFO: common: yaml file: params.yaml loaded successfully]
[2024-12-17 15:26:51,123: INFO: common: yaml file: schema.yaml loaded successfully]
[2024-12-17 15:26:51,128: INFO: common: created directory at: artifacts]
[2024-12-17 15:26:51,130: INFO: common: created directory at: artifacts/data_validation]
[2024-12-17 19:55:08,059: INFO: main: >>>>>> stage Data Ingestion Stage started <<<<<<]
[2024-12-17 19:55:08,060: INFO: common: yaml file: config\config.yaml loaded successfully]
[2024-12-17 19:55:08,062: INFO: common: yaml file: params.yaml loaded successfully]
[2024-12-17 19:55:08,063: INFO: common: yaml file: schema.yaml loaded successfully]
[2024-12-17 19:55:08,063: INFO: common: created directory at: artifacts]
[2024-12-17 19:55:08,064: INFO: common: created directory at: artifacts/data_ingestion]
[2024-12-17 19:55:08,064: INFO: data_ingestion: File already exists]
[2024-12-17 19:55:08,068: INFO: main: >>>>>> stage Data Ingestion Stage completed <<<<<<

x==========x]
[2024-12-17 19:55:08,068: INFO: main: >>>>>> stage Data Validation stage started <<<<<<]
[2024-12-17 19:55:08,069: INFO: common: yaml file: config\config.yaml loaded successfully]
[2024-12-17 19:55:08,069: INFO: common: yaml file: params.yaml loaded successfully]
[2024-12-17 19:55:08,070: INFO: common: yaml file: schema.yaml loaded successfully]
[2024-12-17 19:55:08,071: INFO: common: created directory at: artifacts]
[2024-12-17 19:55:08,072: INFO: common: created directory at: artifacts/data_validation]
[2024-12-17 19:55:08,083: INFO: main: >>>>>> stage Data Validation stage completed <<<<<<

x==========x]
[2024-12-17 20:05:04,235: INFO: common: yaml file: config\config.yaml loaded successfully]
[2024-12-17 20:05:04,237: INFO: common: yaml file: params.yaml loaded successfully]
[2024-12-17 20:05:04,239: INFO: common: yaml file: schema.yaml loaded successfully]
[2024-12-17 20:05:04,241: INFO: common: created directory at: artifacts]
[2024-12-17 20:05:04,242: INFO: common: created directory at: artifacts/data_transformation]
[2024-12-17 20:05:04,271: INFO: 3475668185: Splited data into training and test sets]
[2024-12-17 20:05:04,273: INFO: 3475668185: (1199, 12)]
[2024-12-17 20:05:04,273: INFO: 3475668185: (400, 12)]
[2024-12-17 20:08:16,759: INFO: main: >>>>>> stage Data Ingestion Stage started <<<<<<]
[2024-12-17 20:08:16,761: INFO: common: yaml file: config\config.yaml loaded successfully]
[2024-12-17 20:08:16,761: INFO: common: yaml file: params.yaml loaded successfully]
[2024-12-17 20:08:16,763: INFO: common: yaml file: schema.yaml loaded successfully]
[2024-12-17 20:08:16,763: INFO: common: created directory at: artifacts]
[2024-12-17 20:08:16,763: INFO: common: created directory at: artifacts/data_ingestion]
[2024-12-17 20:08:16,764: INFO: data_ingestion: File already exists]
[2024-12-17 20:08:16,768: INFO: main: >>>>>> stage Data Ingestion Stage completed <<<<<<

x==========x]
[2024-12-17 20:08:16,768: INFO: main: >>>>>> stage Data Validation stage started <<<<<<]
[2024-12-17 20:08:16,769: INFO: common: yaml file: config\config.yaml loaded successfully]
[2024-12-17 20:08:16,770: INFO: common: yaml file: params.yaml loaded successfully]
[2024-12-17 20:08:16,771: INFO: common: yaml file: schema.yaml loaded successfully]
[2024-12-17 20:08:16,771: INFO: common: created directory at: artifacts]
[2024-12-17 20:08:16,772: INFO: common: created directory at: artifacts/data_validation]
[2024-12-17 20:08:16,778: INFO: main: >>>>>> stage Data Validation stage completed <<<<<<

x==========x]
[2024-12-17 20:08:16,778: INFO: main: >>>>>> stage Data Transformation stage started <<<<<<]
[2024-12-17 20:08:16,779: INFO: common: yaml file: config\config.yaml loaded successfully]
[2024-12-17 20:08:16,780: INFO: common: yaml file: params.yaml loaded successfully]
[2024-12-17 20:08:16,781: INFO: common: yaml file: schema.yaml loaded successfully]
[2024-12-17 20:08:16,781: INFO: common: created directory at: artifacts]
[2024-12-17 20:08:16,782: INFO: common: created directory at: artifacts/data_transformation]
[2024-12-17 20:08:16,797: INFO: data_transformation: Splited data into training and test sets]
[2024-12-17 20:08:16,797: INFO: data_transformation: (1199, 12)]
[2024-12-17 20:08:16,797: INFO: data_transformation: (400, 12)]
[2024-12-17 20:08:16,798: INFO: main: >>>>>> stage Data Transformation stage completed <<<<<<

x==========x]
[2024-12-17 20:34:49,822: INFO: common: yaml file: config\config.yaml loaded successfully]
[2024-12-17 20:34:49,826: INFO: common: yaml file: params.yaml loaded successfully]
[2024-12-17 20:34:49,829: INFO: common: yaml file: schema.yaml loaded successfully]
[2024-12-17 20:34:49,830: INFO: common: created directory at: artifacts]
[2024-12-17 20:34:49,831: INFO: common: created directory at: artifacts/model_trainer]
[2024-12-17 20:39:09,292: INFO: main: >>>>>> stage Data Ingestion Stage started <<<<<<]
[2024-12-17 20:39:09,294: INFO: common: yaml file: config\config.yaml loaded successfully]
[2024-12-17 20:39:09,295: INFO: common: yaml file: params.yaml loaded successfully]
[2024-12-17 20:39:09,296: INFO: common: yaml file: schema.yaml loaded successfully]
[2024-12-17 20:39:09,296: INFO: common: created directory at: artifacts]
[2024-12-17 20:39:09,296: INFO: common: created directory at: artifacts/data_ingestion]
[2024-12-17 20:39:09,297: INFO: data_ingestion: File already exists]
[2024-12-17 20:39:09,302: INFO: main: >>>>>> stage Data Ingestion Stage completed <<<<<<

x==========x]
[2024-12-17 20:39:09,302: INFO: main: >>>>>> stage Data Validation stage started <<<<<<]
[2024-12-17 20:39:09,304: INFO: common: yaml file: config\config.yaml loaded successfully]
[2024-12-17 20:39:09,305: INFO: common: yaml file: params.yaml loaded successfully]
[2024-12-17 20:39:09,306: INFO: common: yaml file: schema.yaml loaded successfully]
[2024-12-17 20:39:09,306: INFO: common: created directory at: artifacts]
[2024-12-17 20:39:09,306: INFO: common: created directory at: artifacts/data_validation]
[2024-12-17 20:39:09,313: INFO: main: >>>>>> stage Data Validation stage completed <<<<<<

x==========x]
[2024-12-17 20:39:09,313: INFO: main: >>>>>> stage Data Transformation stage started <<<<<<]
[2024-12-17 20:39:09,315: INFO: common: yaml file: config\config.yaml loaded successfully]
[2024-12-17 20:39:09,316: INFO: common: yaml file: params.yaml loaded successfully]
[2024-12-17 20:39:09,318: INFO: common: yaml file: schema.yaml loaded successfully]
[2024-12-17 20:39:09,318: INFO: common: created directory at: artifacts]
[2024-12-17 20:39:09,319: INFO: common: created directory at: artifacts/data_transformation]
[2024-12-17 20:39:09,339: INFO: data_transformation: Splited data into training and test sets]
[2024-12-17 20:39:09,339: INFO: data_transformation: (1199, 12)]
[2024-12-17 20:39:09,339: INFO: data_transformation: (400, 12)]
[2024-12-17 20:39:09,340: INFO: main: >>>>>> stage Data Transformation stage completed <<<<<<

x==========x]
[2024-12-17 20:39:09,340: INFO: main: >>>>>> stage Model Trainer stage started <<<<<<]
[2024-12-17 20:39:09,341: INFO: common: yaml file: config\config.yaml loaded successfully]
[2024-12-17 20:39:09,342: INFO: common: yaml file: params.yaml loaded successfully]
[2024-12-17 20:39:09,344: INFO: common: yaml file: schema.yaml loaded successfully]
[2024-12-17 20:39:09,344: INFO: common: created directory at: artifacts]
[2024-12-17 20:39:09,345: INFO: common: created directory at: artifacts/model_trainer]
[2024-12-17 20:39:09,353: INFO: main: >>>>>> stage Model Trainer stage completed <<<<<<

x==========x]
[2024-12-17 21:09:19,328: INFO: common: yaml file: config\config.yaml loaded successfully]
[2024-12-17 21:09:19,332: INFO: common: yaml file: params.yaml loaded successfully]
[2024-12-17 21:09:19,335: INFO: common: yaml file: schema.yaml loaded successfully]
[2024-12-17 21:09:19,337: INFO: common: created directory at: artifacts]
[2024-12-17 21:09:19,339: INFO: common: created directory at: artifacts/model_evaluation]
[2024-12-17 21:09:20,161: INFO: common: json file saved at: artifacts\model_evaluation\metrics.json]
[2024-12-17 21:16:55,722: INFO: main: >>>>>> stage Data Ingestion Stage started <<<<<<]
[2024-12-17 21:16:55,724: INFO: common: yaml file: config\config.yaml loaded successfully]
[2024-12-17 21:16:55,725: INFO: common: yaml file: params.yaml loaded successfully]
[2024-12-17 21:16:55,726: INFO: common: yaml file: schema.yaml loaded successfully]
[2024-12-17 21:16:55,727: INFO: common: created directory at: artifacts]
[2024-12-17 21:16:55,727: INFO: common: created directory at: artifacts/data_ingestion]
[2024-12-17 21:16:55,727: INFO: data_ingestion: File already exists]
[2024-12-17 21:16:55,733: INFO: main: >>>>>> stage Data Ingestion Stage completed <<<<<<

x==========x]
[2024-12-17 21:16:55,733: INFO: main: >>>>>> stage Data Validation stage started <<<<<<]
[2024-12-17 21:16:55,735: INFO: common: yaml file: config\config.yaml loaded successfully]
[2024-12-17 21:16:55,735: INFO: common: yaml file: params.yaml loaded successfully]
[2024-12-17 21:16:55,736: INFO: common: yaml file: schema.yaml loaded successfully]
[2024-12-17 21:16:55,736: INFO: common: created directory at: artifacts]
[2024-12-17 21:16:55,737: INFO: common: created directory at: artifacts/data_validation]
[2024-12-17 21:16:55,743: INFO: main: >>>>>> stage Data Validation stage completed <<<<<<

x==========x]
[2024-12-17 21:16:55,743: INFO: main: >>>>>> stage Data Transformation stage started <<<<<<]
[2024-12-17 21:16:55,746: INFO: common: yaml file: config\config.yaml loaded successfully]
[2024-12-17 21:16:55,747: INFO: common: yaml file: params.yaml loaded successfully]
[2024-12-17 21:16:55,749: INFO: common: yaml file: schema.yaml loaded successfully]
[2024-12-17 21:16:55,749: INFO: common: created directory at: artifacts]
[2024-12-17 21:16:55,750: INFO: common: created directory at: artifacts/data_transformation]
[2024-12-17 21:16:55,771: INFO: data_transformation: Splited data into training and test sets]
[2024-12-17 21:16:55,771: INFO: data_transformation: (1199, 12)]
[2024-12-17 21:16:55,772: INFO: data_transformation: (400, 12)]
[2024-12-17 21:16:55,772: INFO: main: >>>>>> stage Data Transformation stage completed <<<<<<

x==========x]
[2024-12-17 21:16:55,772: INFO: main: >>>>>> stage Model Trainer stage started <<<<<<]
[2024-12-17 21:16:55,774: INFO: common: yaml file: config\config.yaml loaded successfully]
[2024-12-17 21:16:55,775: INFO: common: yaml file: params.yaml loaded successfully]
[2024-12-17 21:16:55,776: INFO: common: yaml file: schema.yaml loaded successfully]
[2024-12-17 21:16:55,777: INFO: common: created directory at: artifacts]
[2024-12-17 21:16:55,777: INFO: common: created directory at: artifacts/model_trainer]
[2024-12-17 21:16:55,793: INFO: main: >>>>>> stage Model Trainer stage completed <<<<<<

x==========x]
[2024-12-17 21:16:55,793: INFO: main: >>>>>> stage Model evaluation stage started <<<<<<]
[2024-12-17 21:16:55,793: ERROR: main: name 'ModelEvaluationTrainingPipeline' is not defined]
Traceback (most recent call last):
  File "d:\Revision\automated_deployment_of_an_ml_solution\main.py", line 57, in <module>
    data_ingestion = ModelEvaluationTrainingPipeline()
NameError: name 'ModelEvaluationTrainingPipeline' is not defined
[2024-12-17 21:17:18,360: INFO: main: >>>>>> stage Data Ingestion Stage started <<<<<<]
[2024-12-17 21:17:18,363: INFO: common: yaml file: config\config.yaml loaded successfully]
[2024-12-17 21:17:18,364: INFO: common: yaml file: params.yaml loaded successfully]
[2024-12-17 21:17:18,365: INFO: common: yaml file: schema.yaml loaded successfully]
[2024-12-17 21:17:18,365: INFO: common: created directory at: artifacts]
[2024-12-17 21:17:18,365: INFO: common: created directory at: artifacts/data_ingestion]
[2024-12-17 21:17:18,366: INFO: data_ingestion: File already exists]
[2024-12-17 21:17:18,368: INFO: main: >>>>>> stage Data Ingestion Stage completed <<<<<<

x==========x]
[2024-12-17 21:17:18,368: INFO: main: >>>>>> stage Data Validation stage started <<<<<<]
[2024-12-17 21:17:18,370: INFO: common: yaml file: config\config.yaml loaded successfully]
[2024-12-17 21:17:18,371: INFO: common: yaml file: params.yaml loaded successfully]
[2024-12-17 21:17:18,372: INFO: common: yaml file: schema.yaml loaded successfully]
[2024-12-17 21:17:18,373: INFO: common: created directory at: artifacts]
[2024-12-17 21:17:18,373: INFO: common: created directory at: artifacts/data_validation]
[2024-12-17 21:17:18,379: INFO: main: >>>>>> stage Data Validation stage completed <<<<<<

x==========x]
[2024-12-17 21:17:18,379: INFO: main: >>>>>> stage Data Transformation stage started <<<<<<]
[2024-12-17 21:17:18,381: INFO: common: yaml file: config\config.yaml loaded successfully]
[2024-12-17 21:17:18,382: INFO: common: yaml file: params.yaml loaded successfully]
[2024-12-17 21:17:18,383: INFO: common: yaml file: schema.yaml loaded successfully]
[2024-12-17 21:17:18,384: INFO: common: created directory at: artifacts]
[2024-12-17 21:17:18,384: INFO: common: created directory at: artifacts/data_transformation]
[2024-12-17 21:17:18,400: INFO: data_transformation: Splited data into training and test sets]
[2024-12-17 21:17:18,401: INFO: data_transformation: (1199, 12)]
[2024-12-17 21:17:18,401: INFO: data_transformation: (400, 12)]
[2024-12-17 21:17:18,401: INFO: main: >>>>>> stage Data Transformation stage completed <<<<<<

x==========x]
[2024-12-17 21:17:18,401: INFO: main: >>>>>> stage Model Trainer stage started <<<<<<]
[2024-12-17 21:17:18,403: INFO: common: yaml file: config\config.yaml loaded successfully]
[2024-12-17 21:17:18,404: INFO: common: yaml file: params.yaml loaded successfully]
[2024-12-17 21:17:18,405: INFO: common: yaml file: schema.yaml loaded successfully]
[2024-12-17 21:17:18,406: INFO: common: created directory at: artifacts]
[2024-12-17 21:17:18,406: INFO: common: created directory at: artifacts/model_trainer]
[2024-12-17 21:17:18,418: INFO: main: >>>>>> stage Model Trainer stage completed <<<<<<

x==========x]
[2024-12-17 21:17:18,418: INFO: main: >>>>>> stage Model evaluation stage started <<<<<<]
[2024-12-17 21:17:18,420: INFO: common: yaml file: config\config.yaml loaded successfully]
[2024-12-17 21:17:18,421: INFO: common: yaml file: params.yaml loaded successfully]
[2024-12-17 21:17:18,423: INFO: common: yaml file: schema.yaml loaded successfully]
[2024-12-17 21:17:18,423: INFO: common: created directory at: artifacts]
[2024-12-17 21:17:18,424: INFO: common: created directory at: artifacts/model_evaluation]
[2024-12-17 21:17:19,256: INFO: common: json file saved at: artifacts\model_evaluation\metrics.json]
[2024-12-17 21:17:23,299: INFO: main: >>>>>> stage Model evaluation stage completed <<<<<<

x==========x]
[2024-12-17 21:19:48,896: INFO: main: >>>>>> stage Data Ingestion Stage started <<<<<<]
[2024-12-17 21:19:48,899: INFO: common: yaml file: config\config.yaml loaded successfully]
[2024-12-17 21:19:48,899: INFO: common: yaml file: params.yaml loaded successfully]
[2024-12-17 21:19:48,900: INFO: common: yaml file: schema.yaml loaded successfully]
[2024-12-17 21:19:48,901: INFO: common: created directory at: artifacts]
[2024-12-17 21:19:48,901: INFO: common: created directory at: artifacts/data_ingestion]
[2024-12-17 21:19:48,901: INFO: data_ingestion: File already exists]
[2024-12-17 21:19:48,903: INFO: main: >>>>>> stage Data Ingestion Stage completed <<<<<<

x==========x]
[2024-12-17 21:19:48,903: INFO: main: >>>>>> stage Data Validation stage started <<<<<<]
[2024-12-17 21:19:48,904: INFO: common: yaml file: config\config.yaml loaded successfully]
[2024-12-17 21:19:48,905: INFO: common: yaml file: params.yaml loaded successfully]
[2024-12-17 21:19:48,907: INFO: common: yaml file: schema.yaml loaded successfully]
[2024-12-17 21:19:48,907: INFO: common: created directory at: artifacts]
[2024-12-17 21:19:48,907: INFO: common: created directory at: artifacts/data_validation]
[2024-12-17 21:19:48,915: INFO: main: >>>>>> stage Data Validation stage completed <<<<<<

x==========x]
[2024-12-17 21:19:48,915: INFO: main: >>>>>> stage Data Transformation stage started <<<<<<]
[2024-12-17 21:19:48,917: INFO: common: yaml file: config\config.yaml loaded successfully]
[2024-12-17 21:19:48,918: INFO: common: yaml file: params.yaml loaded successfully]
[2024-12-17 21:19:48,919: INFO: common: yaml file: schema.yaml loaded successfully]
[2024-12-17 21:19:48,920: INFO: common: created directory at: artifacts]
[2024-12-17 21:19:48,920: INFO: common: created directory at: artifacts/data_transformation]
[2024-12-17 21:19:48,933: INFO: data_transformation: Splited data into training and test sets]
[2024-12-17 21:19:48,933: INFO: data_transformation: (1199, 12)]
[2024-12-17 21:19:48,934: INFO: data_transformation: (400, 12)]
[2024-12-17 21:19:48,934: INFO: main: >>>>>> stage Data Transformation stage completed <<<<<<

x==========x]
[2024-12-17 21:19:48,934: INFO: main: >>>>>> stage Model Trainer stage started <<<<<<]
[2024-12-17 21:19:48,936: INFO: common: yaml file: config\config.yaml loaded successfully]
[2024-12-17 21:19:48,937: INFO: common: yaml file: params.yaml loaded successfully]
[2024-12-17 21:19:48,938: INFO: common: yaml file: schema.yaml loaded successfully]
[2024-12-17 21:19:48,939: INFO: common: created directory at: artifacts]
[2024-12-17 21:19:48,939: INFO: common: created directory at: artifacts/model_trainer]
[2024-12-17 21:19:48,949: INFO: main: >>>>>> stage Model Trainer stage completed <<<<<<

x==========x]
[2024-12-17 21:19:48,949: INFO: main: >>>>>> stage Model evaluation stage started <<<<<<]
[2024-12-17 21:19:48,951: INFO: common: yaml file: config\config.yaml loaded successfully]
[2024-12-17 21:19:48,953: INFO: common: yaml file: params.yaml loaded successfully]
[2024-12-17 21:19:48,954: INFO: common: yaml file: schema.yaml loaded successfully]
[2024-12-17 21:19:48,954: INFO: common: created directory at: artifacts]
[2024-12-17 21:19:48,955: INFO: common: created directory at: artifacts/model_evaluation]
[2024-12-17 21:19:49,887: INFO: common: json file saved at: artifacts\model_evaluation\metrics.json]
[2024-12-17 21:19:57,864: INFO: main: >>>>>> stage Model evaluation stage completed <<<<<<

x==========x]
[2024-12-17 21:21:22,292: INFO: main: >>>>>> stage Data Ingestion Stage started <<<<<<]
[2024-12-17 21:21:22,294: INFO: common: yaml file: config\config.yaml loaded successfully]
[2024-12-17 21:21:22,295: INFO: common: yaml file: params.yaml loaded successfully]
[2024-12-17 21:21:22,296: INFO: common: yaml file: schema.yaml loaded successfully]
[2024-12-17 21:21:22,297: INFO: common: created directory at: artifacts]
[2024-12-17 21:21:22,297: INFO: common: created directory at: artifacts/data_ingestion]
[2024-12-17 21:21:22,297: INFO: data_ingestion: File already exists]
[2024-12-17 21:21:22,300: INFO: main: >>>>>> stage Data Ingestion Stage completed <<<<<<

x==========x]
[2024-12-17 21:21:22,300: INFO: main: >>>>>> stage Data Validation stage started <<<<<<]
[2024-12-17 21:21:22,302: INFO: common: yaml file: config\config.yaml loaded successfully]
[2024-12-17 21:21:22,303: INFO: common: yaml file: params.yaml loaded successfully]
[2024-12-17 21:21:22,304: INFO: common: yaml file: schema.yaml loaded successfully]
[2024-12-17 21:21:22,305: INFO: common: created directory at: artifacts]
[2024-12-17 21:21:22,305: INFO: common: created directory at: artifacts/data_validation]
[2024-12-17 21:21:22,314: INFO: main: >>>>>> stage Data Validation stage completed <<<<<<

x==========x]
[2024-12-17 21:21:22,314: INFO: main: >>>>>> stage Data Transformation stage started <<<<<<]
[2024-12-17 21:21:22,316: INFO: common: yaml file: config\config.yaml loaded successfully]
[2024-12-17 21:21:22,317: INFO: common: yaml file: params.yaml loaded successfully]
[2024-12-17 21:21:22,319: INFO: common: yaml file: schema.yaml loaded successfully]
[2024-12-17 21:21:22,319: INFO: common: created directory at: artifacts]
[2024-12-17 21:21:22,320: INFO: common: created directory at: artifacts/data_transformation]
[2024-12-17 21:21:22,335: INFO: data_transformation: Splited data into training and test sets]
[2024-12-17 21:21:22,335: INFO: data_transformation: (1199, 12)]
[2024-12-17 21:21:22,335: INFO: data_transformation: (400, 12)]
[2024-12-17 21:21:22,336: INFO: main: >>>>>> stage Data Transformation stage completed <<<<<<

x==========x]
[2024-12-17 21:21:22,336: INFO: main: >>>>>> stage Model Trainer stage started <<<<<<]
[2024-12-17 21:21:22,338: INFO: common: yaml file: config\config.yaml loaded successfully]
[2024-12-17 21:21:22,339: INFO: common: yaml file: params.yaml loaded successfully]
[2024-12-17 21:21:22,340: INFO: common: yaml file: schema.yaml loaded successfully]
[2024-12-17 21:21:22,340: INFO: common: created directory at: artifacts]
[2024-12-17 21:21:22,341: INFO: common: created directory at: artifacts/model_trainer]
[2024-12-17 21:21:22,350: INFO: main: >>>>>> stage Model Trainer stage completed <<<<<<

x==========x]
[2024-12-17 21:21:22,351: INFO: main: >>>>>> stage Model evaluation stage started <<<<<<]
[2024-12-17 21:21:22,353: INFO: common: yaml file: config\config.yaml loaded successfully]
[2024-12-17 21:21:22,353: INFO: common: yaml file: params.yaml loaded successfully]
[2024-12-17 21:21:22,355: INFO: common: yaml file: schema.yaml loaded successfully]
[2024-12-17 21:21:22,355: INFO: common: created directory at: artifacts]
[2024-12-17 21:21:22,355: INFO: common: created directory at: artifacts/model_evaluation]
[2024-12-17 21:21:23,400: INFO: common: json file saved at: artifacts\model_evaluation\metrics.json]
[2024-12-17 21:21:31,645: INFO: main: >>>>>> stage Model evaluation stage completed <<<<<<

x==========x]
[2024-12-17 21:22:05,176: INFO: main: >>>>>> stage Data Ingestion Stage started <<<<<<]
[2024-12-17 21:22:05,178: INFO: common: yaml file: config\config.yaml loaded successfully]
[2024-12-17 21:22:05,180: INFO: common: yaml file: params.yaml loaded successfully]
[2024-12-17 21:22:05,181: INFO: common: yaml file: schema.yaml loaded successfully]
[2024-12-17 21:22:05,182: INFO: common: created directory at: artifacts]
[2024-12-17 21:22:05,182: INFO: common: created directory at: artifacts/data_ingestion]
[2024-12-17 21:22:05,182: INFO: data_ingestion: File already exists]
[2024-12-17 21:22:05,185: INFO: main: >>>>>> stage Data Ingestion Stage completed <<<<<<

x==========x]
[2024-12-17 21:22:05,185: INFO: main: >>>>>> stage Data Validation stage started <<<<<<]
[2024-12-17 21:22:05,187: INFO: common: yaml file: config\config.yaml loaded successfully]
[2024-12-17 21:22:05,187: INFO: common: yaml file: params.yaml loaded successfully]
[2024-12-17 21:22:05,188: INFO: common: yaml file: schema.yaml loaded successfully]
[2024-12-17 21:22:05,189: INFO: common: created directory at: artifacts]
[2024-12-17 21:22:05,189: INFO: common: created directory at: artifacts/data_validation]
[2024-12-17 21:22:05,196: INFO: main: >>>>>> stage Data Validation stage completed <<<<<<

x==========x]
[2024-12-17 21:22:05,196: INFO: main: >>>>>> stage Data Transformation stage started <<<<<<]
[2024-12-17 21:22:05,198: INFO: common: yaml file: config\config.yaml loaded successfully]
[2024-12-17 21:22:05,199: INFO: common: yaml file: params.yaml loaded successfully]
[2024-12-17 21:22:05,201: INFO: common: yaml file: schema.yaml loaded successfully]
[2024-12-17 21:22:05,201: INFO: common: created directory at: artifacts]
[2024-12-17 21:22:05,202: INFO: common: created directory at: artifacts/data_transformation]
[2024-12-17 21:22:05,215: INFO: data_transformation: Splited data into training and test sets]
[2024-12-17 21:22:05,216: INFO: data_transformation: (1199, 12)]
[2024-12-17 21:22:05,216: INFO: data_transformation: (400, 12)]
[2024-12-17 21:22:05,216: INFO: main: >>>>>> stage Data Transformation stage completed <<<<<<

x==========x]
[2024-12-17 21:22:05,216: INFO: main: >>>>>> stage Model Trainer stage started <<<<<<]
[2024-12-17 21:22:05,218: INFO: common: yaml file: config\config.yaml loaded successfully]
[2024-12-17 21:22:05,219: INFO: common: yaml file: params.yaml loaded successfully]
[2024-12-17 21:22:05,220: INFO: common: yaml file: schema.yaml loaded successfully]
[2024-12-17 21:22:05,221: INFO: common: created directory at: artifacts]
[2024-12-17 21:22:05,221: INFO: common: created directory at: artifacts/model_trainer]
[2024-12-17 21:22:05,232: INFO: main: >>>>>> stage Model Trainer stage completed <<<<<<

x==========x]
[2024-12-17 21:22:05,232: INFO: main: >>>>>> stage Model evaluation stage started <<<<<<]
[2024-12-17 21:22:05,234: INFO: common: yaml file: config\config.yaml loaded successfully]
[2024-12-17 21:22:05,235: INFO: common: yaml file: params.yaml loaded successfully]
[2024-12-17 21:22:05,237: INFO: common: yaml file: schema.yaml loaded successfully]
[2024-12-17 21:22:05,237: INFO: common: created directory at: artifacts]
[2024-12-17 21:22:05,237: INFO: common: created directory at: artifacts/model_evaluation]
[2024-12-17 21:22:06,280: INFO: common: json file saved at: artifacts\model_evaluation\metrics.json]
[2024-12-17 21:22:14,425: INFO: main: >>>>>> stage Model evaluation stage completed <<<<<<

x==========x]
[2024-12-17 21:22:28,609: INFO: main: >>>>>> stage Data Ingestion Stage started <<<<<<]
[2024-12-17 21:22:28,611: INFO: common: yaml file: config\config.yaml loaded successfully]
[2024-12-17 21:22:28,612: INFO: common: yaml file: params.yaml loaded successfully]
[2024-12-17 21:22:28,613: INFO: common: yaml file: schema.yaml loaded successfully]
[2024-12-17 21:22:28,614: INFO: common: created directory at: artifacts]
[2024-12-17 21:22:28,614: INFO: common: created directory at: artifacts/data_ingestion]
[2024-12-17 21:22:28,614: INFO: data_ingestion: File already exists]
[2024-12-17 21:22:28,617: INFO: main: >>>>>> stage Data Ingestion Stage completed <<<<<<

x==========x]
[2024-12-17 21:22:28,617: INFO: main: >>>>>> stage Data Validation stage started <<<<<<]
[2024-12-17 21:22:28,619: INFO: common: yaml file: config\config.yaml loaded successfully]
[2024-12-17 21:22:28,619: INFO: common: yaml file: params.yaml loaded successfully]
[2024-12-17 21:22:28,620: INFO: common: yaml file: schema.yaml loaded successfully]
[2024-12-17 21:22:28,621: INFO: common: created directory at: artifacts]
[2024-12-17 21:22:28,621: INFO: common: created directory at: artifacts/data_validation]
[2024-12-17 21:22:28,628: INFO: main: >>>>>> stage Data Validation stage completed <<<<<<

x==========x]
[2024-12-17 21:22:28,628: INFO: main: >>>>>> stage Data Transformation stage started <<<<<<]
[2024-12-17 21:22:28,630: INFO: common: yaml file: config\config.yaml loaded successfully]
[2024-12-17 21:22:28,631: INFO: common: yaml file: params.yaml loaded successfully]
[2024-12-17 21:22:28,632: INFO: common: yaml file: schema.yaml loaded successfully]
[2024-12-17 21:22:28,632: INFO: common: created directory at: artifacts]
[2024-12-17 21:22:28,633: INFO: common: created directory at: artifacts/data_transformation]
[2024-12-17 21:22:28,646: INFO: data_transformation: Splited data into training and test sets]
[2024-12-17 21:22:28,647: INFO: data_transformation: (1199, 12)]
[2024-12-17 21:22:28,647: INFO: data_transformation: (400, 12)]
[2024-12-17 21:22:28,647: INFO: main: >>>>>> stage Data Transformation stage completed <<<<<<

x==========x]
[2024-12-17 21:22:28,647: INFO: main: >>>>>> stage Model Trainer stage started <<<<<<]
[2024-12-17 21:22:28,649: INFO: common: yaml file: config\config.yaml loaded successfully]
[2024-12-17 21:22:28,650: INFO: common: yaml file: params.yaml loaded successfully]
[2024-12-17 21:22:28,651: INFO: common: yaml file: schema.yaml loaded successfully]
[2024-12-17 21:22:28,652: INFO: common: created directory at: artifacts]
[2024-12-17 21:22:28,652: INFO: common: created directory at: artifacts/model_trainer]
[2024-12-17 21:22:28,661: INFO: main: >>>>>> stage Model Trainer stage completed <<<<<<

x==========x]
[2024-12-17 21:22:28,661: INFO: main: >>>>>> stage Model evaluation stage started <<<<<<]
[2024-12-17 21:22:28,663: INFO: common: yaml file: config\config.yaml loaded successfully]
[2024-12-17 21:22:28,663: INFO: common: yaml file: params.yaml loaded successfully]
[2024-12-17 21:22:28,665: INFO: common: yaml file: schema.yaml loaded successfully]
[2024-12-17 21:22:28,665: INFO: common: created directory at: artifacts]
[2024-12-17 21:22:28,665: INFO: common: created directory at: artifacts/model_evaluation]
[2024-12-17 21:22:29,721: INFO: common: json file saved at: artifacts\model_evaluation\metrics.json]
[2024-12-17 21:22:37,567: INFO: main: >>>>>> stage Model evaluation stage completed <<<<<<

x==========x]
[2024-12-17 21:24:56,607: INFO: main: >>>>>> stage Data Ingestion Stage started <<<<<<]
[2024-12-17 21:24:56,609: INFO: common: yaml file: config\config.yaml loaded successfully]
[2024-12-17 21:24:56,610: INFO: common: yaml file: params.yaml loaded successfully]
[2024-12-17 21:24:56,611: INFO: common: yaml file: schema.yaml loaded successfully]
[2024-12-17 21:24:56,612: INFO: common: created directory at: artifacts]
[2024-12-17 21:24:56,612: INFO: common: created directory at: artifacts/data_ingestion]
[2024-12-17 21:24:56,612: INFO: data_ingestion: File already exists]
[2024-12-17 21:24:56,617: INFO: main: >>>>>> stage Data Ingestion Stage completed <<<<<<

x==========x]
[2024-12-17 21:24:56,617: INFO: main: >>>>>> stage Data Validation stage started <<<<<<]
[2024-12-17 21:24:56,619: INFO: common: yaml file: config\config.yaml loaded successfully]
[2024-12-17 21:24:56,620: INFO: common: yaml file: params.yaml loaded successfully]
[2024-12-17 21:24:56,621: INFO: common: yaml file: schema.yaml loaded successfully]
[2024-12-17 21:24:56,622: INFO: common: created directory at: artifacts]
[2024-12-17 21:24:56,622: INFO: common: created directory at: artifacts/data_validation]
[2024-12-17 21:24:56,630: INFO: main: >>>>>> stage Data Validation stage completed <<<<<<

x==========x]
[2024-12-17 21:24:56,630: INFO: main: >>>>>> stage Data Transformation stage started <<<<<<]
[2024-12-17 21:24:56,632: INFO: common: yaml file: config\config.yaml loaded successfully]
[2024-12-17 21:24:56,633: INFO: common: yaml file: params.yaml loaded successfully]
[2024-12-17 21:24:56,634: INFO: common: yaml file: schema.yaml loaded successfully]
[2024-12-17 21:24:56,635: INFO: common: created directory at: artifacts]
[2024-12-17 21:24:56,635: INFO: common: created directory at: artifacts/data_transformation]
[2024-12-17 21:24:56,653: INFO: data_transformation: Splited data into training and test sets]
[2024-12-17 21:24:56,653: INFO: data_transformation: (1199, 12)]
[2024-12-17 21:24:56,654: INFO: data_transformation: (400, 12)]
[2024-12-17 21:24:56,654: INFO: main: >>>>>> stage Data Transformation stage completed <<<<<<

x==========x]
[2024-12-17 21:24:56,655: INFO: main: >>>>>> stage Model Trainer stage started <<<<<<]
[2024-12-17 21:24:56,657: INFO: common: yaml file: config\config.yaml loaded successfully]
[2024-12-17 21:24:56,658: INFO: common: yaml file: params.yaml loaded successfully]
[2024-12-17 21:24:56,659: INFO: common: yaml file: schema.yaml loaded successfully]
[2024-12-17 21:24:56,659: INFO: common: created directory at: artifacts]
[2024-12-17 21:24:56,659: INFO: common: created directory at: artifacts/model_trainer]
[2024-12-17 21:24:56,671: INFO: main: >>>>>> stage Model Trainer stage completed <<<<<<

x==========x]
[2024-12-17 21:24:56,671: INFO: main: >>>>>> stage Model evaluation stage started <<<<<<]
[2024-12-17 21:24:56,673: INFO: common: yaml file: config\config.yaml loaded successfully]
[2024-12-17 21:24:56,674: INFO: common: yaml file: params.yaml loaded successfully]
[2024-12-17 21:24:56,675: INFO: common: yaml file: schema.yaml loaded successfully]
[2024-12-17 21:24:56,675: INFO: common: created directory at: artifacts]
[2024-12-17 21:24:56,676: INFO: common: created directory at: artifacts/model_evaluation]
[2024-12-17 21:24:57,713: INFO: common: json file saved at: artifacts\model_evaluation\metrics.json]
[2024-12-17 21:25:05,838: INFO: main: >>>>>> stage Model evaluation stage completed <<<<<<

x==========x]
[2024-12-17 21:25:21,017: INFO: main: >>>>>> stage Data Ingestion Stage started <<<<<<]
[2024-12-17 21:25:21,019: INFO: common: yaml file: config\config.yaml loaded successfully]
[2024-12-17 21:25:21,020: INFO: common: yaml file: params.yaml loaded successfully]
[2024-12-17 21:25:21,022: INFO: common: yaml file: schema.yaml loaded successfully]
[2024-12-17 21:25:21,022: INFO: common: created directory at: artifacts]
[2024-12-17 21:25:21,022: INFO: common: created directory at: artifacts/data_ingestion]
[2024-12-17 21:25:21,022: INFO: data_ingestion: File already exists]
[2024-12-17 21:25:21,025: INFO: main: >>>>>> stage Data Ingestion Stage completed <<<<<<

x==========x]
[2024-12-17 21:25:21,025: INFO: main: >>>>>> stage Data Validation stage started <<<<<<]
[2024-12-17 21:25:21,027: INFO: common: yaml file: config\config.yaml loaded successfully]
[2024-12-17 21:25:21,028: INFO: common: yaml file: params.yaml loaded successfully]
[2024-12-17 21:25:21,029: INFO: common: yaml file: schema.yaml loaded successfully]
[2024-12-17 21:25:21,030: INFO: common: created directory at: artifacts]
[2024-12-17 21:25:21,030: INFO: common: created directory at: artifacts/data_validation]
[2024-12-17 21:25:21,037: INFO: main: >>>>>> stage Data Validation stage completed <<<<<<

x==========x]
[2024-12-17 21:25:21,038: INFO: main: >>>>>> stage Data Transformation stage started <<<<<<]
[2024-12-17 21:25:21,040: INFO: common: yaml file: config\config.yaml loaded successfully]
[2024-12-17 21:25:21,041: INFO: common: yaml file: params.yaml loaded successfully]
[2024-12-17 21:25:21,042: INFO: common: yaml file: schema.yaml loaded successfully]
[2024-12-17 21:25:21,043: INFO: common: created directory at: artifacts]
[2024-12-17 21:25:21,043: INFO: common: created directory at: artifacts/data_transformation]
[2024-12-17 21:25:21,058: INFO: data_transformation: Splited data into training and test sets]
[2024-12-17 21:25:21,058: INFO: data_transformation: (1199, 12)]
[2024-12-17 21:25:21,058: INFO: data_transformation: (400, 12)]
[2024-12-17 21:25:21,059: INFO: main: >>>>>> stage Data Transformation stage completed <<<<<<

x==========x]
[2024-12-17 21:25:21,059: INFO: main: >>>>>> stage Model Trainer stage started <<<<<<]
[2024-12-17 21:25:21,062: INFO: common: yaml file: config\config.yaml loaded successfully]
[2024-12-17 21:25:21,063: INFO: common: yaml file: params.yaml loaded successfully]
[2024-12-17 21:25:21,064: INFO: common: yaml file: schema.yaml loaded successfully]
[2024-12-17 21:25:21,065: INFO: common: created directory at: artifacts]
[2024-12-17 21:25:21,065: INFO: common: created directory at: artifacts/model_trainer]
[2024-12-17 21:25:21,074: INFO: main: >>>>>> stage Model Trainer stage completed <<<<<<

x==========x]
[2024-12-17 21:25:21,074: INFO: main: >>>>>> stage Model evaluation stage started <<<<<<]
[2024-12-17 21:25:21,076: INFO: common: yaml file: config\config.yaml loaded successfully]
[2024-12-17 21:25:21,077: INFO: common: yaml file: params.yaml loaded successfully]
[2024-12-17 21:25:21,079: INFO: common: yaml file: schema.yaml loaded successfully]
[2024-12-17 21:25:21,080: INFO: common: created directory at: artifacts]
[2024-12-17 21:25:21,080: INFO: common: created directory at: artifacts/model_evaluation]
[2024-12-17 21:25:22,219: INFO: common: json file saved at: artifacts\model_evaluation\metrics.json]
[2024-12-17 21:25:31,131: INFO: main: >>>>>> stage Model evaluation stage completed <<<<<<

x==========x]
[2024-12-17 21:40:56,840: INFO: _internal: [31m[1mWARNING: This is a development server. Do not use it in a production deployment. Use a production WSGI server instead.[0m
 * Running on all addresses (0.0.0.0)
 * Running on http://127.0.0.1:8080
 * Running on http://192.168.1.151:8080]
[2024-12-17 21:40:56,841: INFO: _internal: [33mPress CTRL+C to quit[0m]
[2024-12-17 21:41:06,524: INFO: _internal: 127.0.0.1 - - [17/Dec/2024 21:41:06] "GET / HTTP/1.1" 200 -]
[2024-12-17 21:41:06,671: INFO: _internal: 127.0.0.1 - - [17/Dec/2024 21:41:06] "[33mGET /static/assets/img/form-v9.jpg HTTP/1.1[0m" 404 -]
[2024-12-17 21:41:06,905: INFO: _internal: 127.0.0.1 - - [17/Dec/2024 21:41:06] "[33mGET /favicon.ico HTTP/1.1[0m" 404 -]
[2024-12-17 21:41:46,501: INFO: main: >>>>>> stage Data Ingestion Stage started <<<<<<]
[2024-12-17 21:41:46,503: INFO: common: yaml file: config\config.yaml loaded successfully]
[2024-12-17 21:41:46,506: INFO: common: yaml file: params.yaml loaded successfully]
[2024-12-17 21:41:46,507: INFO: common: yaml file: schema.yaml loaded successfully]
[2024-12-17 21:41:46,507: INFO: common: created directory at: artifacts]
[2024-12-17 21:41:46,508: INFO: common: created directory at: artifacts/data_ingestion]
[2024-12-17 21:41:46,508: INFO: data_ingestion: File already exists]
[2024-12-17 21:41:46,514: INFO: main: >>>>>> stage Data Ingestion Stage completed <<<<<<

x==========x]
[2024-12-17 21:41:46,514: INFO: main: >>>>>> stage Data Validation stage started <<<<<<]
[2024-12-17 21:41:46,517: INFO: common: yaml file: config\config.yaml loaded successfully]
[2024-12-17 21:41:46,519: INFO: common: yaml file: params.yaml loaded successfully]
[2024-12-17 21:41:46,521: INFO: common: yaml file: schema.yaml loaded successfully]
[2024-12-17 21:41:46,522: INFO: common: created directory at: artifacts]
[2024-12-17 21:41:46,523: INFO: common: created directory at: artifacts/data_validation]
[2024-12-17 21:41:46,540: INFO: main: >>>>>> stage Data Validation stage completed <<<<<<

x==========x]
[2024-12-17 21:41:46,540: INFO: main: >>>>>> stage Data Transformation stage started <<<<<<]
[2024-12-17 21:41:46,543: INFO: common: yaml file: config\config.yaml loaded successfully]
[2024-12-17 21:41:46,544: INFO: common: yaml file: params.yaml loaded successfully]
[2024-12-17 21:41:46,546: INFO: common: yaml file: schema.yaml loaded successfully]
[2024-12-17 21:41:46,547: INFO: common: created directory at: artifacts]
[2024-12-17 21:41:46,547: INFO: common: created directory at: artifacts/data_transformation]
[2024-12-17 21:41:46,582: INFO: data_transformation: Splited data into training and test sets]
[2024-12-17 21:41:46,582: INFO: data_transformation: (1199, 12)]
[2024-12-17 21:41:46,583: INFO: data_transformation: (400, 12)]
[2024-12-17 21:41:46,583: INFO: main: >>>>>> stage Data Transformation stage completed <<<<<<

x==========x]
[2024-12-17 21:41:46,584: INFO: main: >>>>>> stage Model Trainer stage started <<<<<<]
[2024-12-17 21:41:46,586: INFO: common: yaml file: config\config.yaml loaded successfully]
[2024-12-17 21:41:46,587: INFO: common: yaml file: params.yaml loaded successfully]
[2024-12-17 21:41:46,588: INFO: common: yaml file: schema.yaml loaded successfully]
[2024-12-17 21:41:46,589: INFO: common: created directory at: artifacts]
[2024-12-17 21:41:46,589: INFO: common: created directory at: artifacts/model_trainer]
[2024-12-17 21:41:46,609: INFO: main: >>>>>> stage Model Trainer stage completed <<<<<<

x==========x]
[2024-12-17 21:41:46,610: INFO: main: >>>>>> stage Model evaluation stage started <<<<<<]
[2024-12-17 21:41:46,612: INFO: common: yaml file: config\config.yaml loaded successfully]
[2024-12-17 21:41:46,613: INFO: common: yaml file: params.yaml loaded successfully]
[2024-12-17 21:41:46,615: INFO: common: yaml file: schema.yaml loaded successfully]
[2024-12-17 21:41:46,615: INFO: common: created directory at: artifacts]
[2024-12-17 21:41:46,616: INFO: common: created directory at: artifacts/model_evaluation]
[2024-12-17 21:41:48,134: INFO: common: json file saved at: artifacts\model_evaluation\metrics.json]
[2024-12-17 21:41:57,087: INFO: main: >>>>>> stage Model evaluation stage completed <<<<<<

x==========x]
[2024-12-17 21:41:57,491: INFO: _internal: 127.0.0.1 - - [17/Dec/2024 21:41:57] "GET /train HTTP/1.1" 200 -]
[2024-12-17 21:42:12,198: INFO: _internal: 127.0.0.1 - - [17/Dec/2024 21:42:12] "GET / HTTP/1.1" 200 -]
[2024-12-17 21:42:12,238: INFO: _internal: 127.0.0.1 - - [17/Dec/2024 21:42:12] "[33mGET /static/assets/img/form-v9.jpg HTTP/1.1[0m" 404 -]
[2024-12-17 21:42:41,501: INFO: _internal: 127.0.0.1 - - [17/Dec/2024 21:42:41] "POST /predict HTTP/1.1" 200 -]
[2024-12-17 21:55:59,238: INFO: _internal: 127.0.0.1 - - [17/Dec/2024 21:55:59] "POST /predict HTTP/1.1" 200 -]
[2024-12-17 21:56:14,738: INFO: _internal: [31m[1mWARNING: This is a development server. Do not use it in a production deployment. Use a production WSGI server instead.[0m
 * Running on http://127.0.0.1:5000]
[2024-12-17 21:56:14,739: INFO: _internal: [33mPress CTRL+C to quit[0m]
[2024-12-17 21:56:14,740: INFO: _internal:  * Restarting with stat]
[2024-12-17 21:56:15,604: WARNING: _internal:  * Debugger is active!]
[2024-12-17 21:56:15,609: INFO: _internal:  * Debugger PIN: 139-595-428]
[2024-12-17 21:56:49,481: INFO: _internal:  * Detected change in 'd:\\Revision\\automated_deployment_of_an_ml_solution\\app.py', reloading]
[2024-12-17 21:56:49,587: INFO: _internal:  * Restarting with stat]
[2024-12-17 21:56:58,567: INFO: _internal: [31m[1mWARNING: This is a development server. Do not use it in a production deployment. Use a production WSGI server instead.[0m
 * Running on all addresses (0.0.0.0)
 * Running on http://127.0.0.1:8080
 * Running on http://192.168.1.151:8080]
[2024-12-17 21:56:58,567: INFO: _internal: [33mPress CTRL+C to quit[0m]
[2024-12-17 21:57:06,119: INFO: _internal: 127.0.0.1 - - [17/Dec/2024 21:57:06] "GET / HTTP/1.1" 200 -]
[2024-12-17 21:57:17,866: INFO: main: >>>>>> stage Data Ingestion Stage started <<<<<<]
[2024-12-17 21:57:17,868: INFO: common: yaml file: config\config.yaml loaded successfully]
[2024-12-17 21:57:17,870: INFO: common: yaml file: params.yaml loaded successfully]
[2024-12-17 21:57:17,872: INFO: common: yaml file: schema.yaml loaded successfully]
[2024-12-17 21:57:17,872: INFO: common: created directory at: artifacts]
[2024-12-17 21:57:17,872: INFO: common: created directory at: artifacts/data_ingestion]
[2024-12-17 21:57:17,872: INFO: data_ingestion: File already exists]
[2024-12-17 21:57:17,877: INFO: main: >>>>>> stage Data Ingestion Stage completed <<<<<<

x==========x]
[2024-12-17 21:57:17,877: INFO: main: >>>>>> stage Data Validation stage started <<<<<<]
[2024-12-17 21:57:17,879: INFO: common: yaml file: config\config.yaml loaded successfully]
[2024-12-17 21:57:17,880: INFO: common: yaml file: params.yaml loaded successfully]
[2024-12-17 21:57:17,881: INFO: common: yaml file: schema.yaml loaded successfully]
[2024-12-17 21:57:17,881: INFO: common: created directory at: artifacts]
[2024-12-17 21:57:17,882: INFO: common: created directory at: artifacts/data_validation]
[2024-12-17 21:57:17,896: INFO: main: >>>>>> stage Data Validation stage completed <<<<<<

x==========x]
[2024-12-17 21:57:17,896: INFO: main: >>>>>> stage Data Transformation stage started <<<<<<]
[2024-12-17 21:57:17,898: INFO: common: yaml file: config\config.yaml loaded successfully]
[2024-12-17 21:57:17,899: INFO: common: yaml file: params.yaml loaded successfully]
[2024-12-17 21:57:17,901: INFO: common: yaml file: schema.yaml loaded successfully]
[2024-12-17 21:57:17,902: INFO: common: created directory at: artifacts]
[2024-12-17 21:57:17,902: INFO: common: created directory at: artifacts/data_transformation]
[2024-12-17 21:57:17,926: INFO: data_transformation: Splited data into training and test sets]
[2024-12-17 21:57:17,926: INFO: data_transformation: (1199, 12)]
[2024-12-17 21:57:17,926: INFO: data_transformation: (400, 12)]
[2024-12-17 21:57:17,927: INFO: main: >>>>>> stage Data Transformation stage completed <<<<<<

x==========x]
[2024-12-17 21:57:17,927: INFO: main: >>>>>> stage Model Trainer stage started <<<<<<]
[2024-12-17 21:57:17,929: INFO: common: yaml file: config\config.yaml loaded successfully]
[2024-12-17 21:57:17,929: INFO: common: yaml file: params.yaml loaded successfully]
[2024-12-17 21:57:17,930: INFO: common: yaml file: schema.yaml loaded successfully]
[2024-12-17 21:57:17,931: INFO: common: created directory at: artifacts]
[2024-12-17 21:57:17,931: INFO: common: created directory at: artifacts/model_trainer]
[2024-12-17 21:57:17,946: INFO: main: >>>>>> stage Model Trainer stage completed <<<<<<

x==========x]
[2024-12-17 21:57:17,947: INFO: main: >>>>>> stage Model evaluation stage started <<<<<<]
[2024-12-17 21:57:17,949: INFO: common: yaml file: config\config.yaml loaded successfully]
[2024-12-17 21:57:17,949: INFO: common: yaml file: params.yaml loaded successfully]
[2024-12-17 21:57:17,951: INFO: common: yaml file: schema.yaml loaded successfully]
[2024-12-17 21:57:17,951: INFO: common: created directory at: artifacts]
[2024-12-17 21:57:17,951: INFO: common: created directory at: artifacts/model_evaluation]
[2024-12-17 21:57:19,018: INFO: common: json file saved at: artifacts\model_evaluation\metrics.json]
[2024-12-17 21:57:27,334: INFO: main: >>>>>> stage Model evaluation stage completed <<<<<<

x==========x]
[2024-12-17 21:57:27,727: INFO: _internal: 127.0.0.1 - - [17/Dec/2024 21:57:27] "GET /train HTTP/1.1" 200 -]
[2024-12-17 21:58:07,336: INFO: _internal: 127.0.0.1 - - [17/Dec/2024 21:58:07] "POST / HTTP/1.1" 200 -]
[2024-12-17 22:01:34,421: INFO: _internal: 127.0.0.1 - - [17/Dec/2024 22:01:34] "POST / HTTP/1.1" 200 -]
[2024-12-17 22:01:39,731: INFO: _internal: 127.0.0.1 - - [17/Dec/2024 22:01:39] "POST / HTTP/1.1" 200 -]
[2024-12-17 22:01:43,725: INFO: _internal: 127.0.0.1 - - [17/Dec/2024 22:01:43] "POST / HTTP/1.1" 200 -]
[2024-12-17 22:01:46,711: INFO: _internal: 127.0.0.1 - - [17/Dec/2024 22:01:46] "POST / HTTP/1.1" 200 -]
[2024-12-18 16:39:59,106: INFO: main: >>>>>> stage Data Ingestion Stage started <<<<<<]
[2024-12-18 16:39:59,110: INFO: common: yaml file: config\config.yaml loaded successfully]
[2024-12-18 16:39:59,112: INFO: common: yaml file: params.yaml loaded successfully]
[2024-12-18 16:39:59,113: INFO: common: yaml file: schema.yaml loaded successfully]
[2024-12-18 16:39:59,113: INFO: common: created directory at: artifacts]
[2024-12-18 16:39:59,114: INFO: common: created directory at: artifacts/data_ingestion]
[2024-12-18 16:39:59,114: INFO: data_ingestion: File already exists]
[2024-12-18 16:39:59,117: INFO: main: >>>>>> stage Data Ingestion Stage completed <<<<<<

x==========x]
[2024-12-18 16:39:59,118: INFO: main: >>>>>> stage Data Validation stage started <<<<<<]
[2024-12-18 16:39:59,119: INFO: common: yaml file: config\config.yaml loaded successfully]
[2024-12-18 16:39:59,120: INFO: common: yaml file: params.yaml loaded successfully]
[2024-12-18 16:39:59,121: INFO: common: yaml file: schema.yaml loaded successfully]
[2024-12-18 16:39:59,121: INFO: common: created directory at: artifacts]
[2024-12-18 16:39:59,122: INFO: common: created directory at: artifacts/data_validation]
[2024-12-18 16:39:59,133: INFO: main: >>>>>> stage Data Validation stage completed <<<<<<

x==========x]
[2024-12-18 16:39:59,133: INFO: main: >>>>>> stage Data Transformation stage started <<<<<<]
[2024-12-18 16:39:59,136: INFO: common: yaml file: config\config.yaml loaded successfully]
[2024-12-18 16:39:59,137: INFO: common: yaml file: params.yaml loaded successfully]
[2024-12-18 16:39:59,138: INFO: common: yaml file: schema.yaml loaded successfully]
[2024-12-18 16:39:59,138: INFO: common: created directory at: artifacts]
[2024-12-18 16:39:59,139: INFO: common: created directory at: artifacts/data_transformation]
[2024-12-18 16:39:59,159: INFO: data_transformation: Splited data into training and test sets]
[2024-12-18 16:39:59,160: INFO: data_transformation: (1199, 12)]
[2024-12-18 16:39:59,160: INFO: data_transformation: (400, 12)]
[2024-12-18 16:39:59,161: INFO: main: >>>>>> stage Data Transformation stage completed <<<<<<

x==========x]
[2024-12-18 16:39:59,161: INFO: main: >>>>>> stage Model Trainer stage started <<<<<<]
[2024-12-18 16:39:59,164: INFO: common: yaml file: config\config.yaml loaded successfully]
[2024-12-18 16:39:59,165: INFO: common: yaml file: params.yaml loaded successfully]
[2024-12-18 16:39:59,166: INFO: common: yaml file: schema.yaml loaded successfully]
[2024-12-18 16:39:59,167: INFO: common: created directory at: artifacts]
[2024-12-18 16:39:59,167: INFO: common: created directory at: artifacts/model_trainer]
[2024-12-18 16:39:59,182: INFO: main: >>>>>> stage Model Trainer stage completed <<<<<<

x==========x]
[2024-12-18 16:39:59,182: INFO: main: >>>>>> stage Model evaluation stage started <<<<<<]
[2024-12-18 16:39:59,185: INFO: common: yaml file: config\config.yaml loaded successfully]
[2024-12-18 16:39:59,185: INFO: common: yaml file: params.yaml loaded successfully]
[2024-12-18 16:39:59,187: INFO: common: yaml file: schema.yaml loaded successfully]
[2024-12-18 16:39:59,187: INFO: common: created directory at: artifacts]
[2024-12-18 16:39:59,188: INFO: common: created directory at: artifacts/model_evaluation]
[2024-12-18 16:40:00,264: INFO: common: json file saved at: artifacts\model_evaluation\metrics.json]
[2024-12-18 16:40:09,081: INFO: main: >>>>>> stage Model evaluation stage completed <<<<<<

x==========x]
[2024-12-18 16:40:20,538: INFO: _internal: [31m[1mWARNING: This is a development server. Do not use it in a production deployment. Use a production WSGI server instead.[0m
 * Running on all addresses (0.0.0.0)
 * Running on http://127.0.0.1:8080
 * Running on http://10.101.26.138:8080]
[2024-12-18 16:40:20,539: INFO: _internal: [33mPress CTRL+C to quit[0m]
[2024-12-18 16:40:26,506: INFO: _internal: 127.0.0.1 - - [18/Dec/2024 16:40:26] "GET / HTTP/1.1" 200 -]
[2024-12-18 16:40:26,950: INFO: _internal: 127.0.0.1 - - [18/Dec/2024 16:40:26] "[33mGET /favicon.ico HTTP/1.1[0m" 404 -]
[2024-12-18 16:40:34,180: INFO: _internal: 127.0.0.1 - - [18/Dec/2024 16:40:34] "POST / HTTP/1.1" 200 -]
[2024-12-18 16:40:42,735: INFO: _internal: 127.0.0.1 - - [18/Dec/2024 16:40:42] "POST / HTTP/1.1" 200 -]
[2024-12-18 16:40:47,777: INFO: _internal: 127.0.0.1 - - [18/Dec/2024 16:40:47] "POST / HTTP/1.1" 200 -]
[2024-12-18 16:41:31,082: INFO: main: >>>>>> stage Data Ingestion Stage started <<<<<<]
[2024-12-18 16:41:31,085: INFO: common: yaml file: config\config.yaml loaded successfully]
[2024-12-18 16:41:31,087: INFO: common: yaml file: params.yaml loaded successfully]
[2024-12-18 16:41:31,089: INFO: common: yaml file: schema.yaml loaded successfully]
[2024-12-18 16:41:31,090: INFO: common: created directory at: artifacts]
[2024-12-18 16:41:31,090: INFO: common: created directory at: artifacts/data_ingestion]
[2024-12-18 16:41:31,090: INFO: data_ingestion: File already exists]
[2024-12-18 16:41:31,095: INFO: main: >>>>>> stage Data Ingestion Stage completed <<<<<<

x==========x]
[2024-12-18 16:41:31,095: INFO: main: >>>>>> stage Data Validation stage started <<<<<<]
[2024-12-18 16:41:31,097: INFO: common: yaml file: config\config.yaml loaded successfully]
[2024-12-18 16:41:31,098: INFO: common: yaml file: params.yaml loaded successfully]
[2024-12-18 16:41:31,100: INFO: common: yaml file: schema.yaml loaded successfully]
[2024-12-18 16:41:31,101: INFO: common: created directory at: artifacts]
[2024-12-18 16:41:31,101: INFO: common: created directory at: artifacts/data_validation]
[2024-12-18 16:41:31,120: INFO: main: >>>>>> stage Data Validation stage completed <<<<<<

x==========x]
[2024-12-18 16:41:31,121: INFO: main: >>>>>> stage Data Transformation stage started <<<<<<]
[2024-12-18 16:41:31,123: INFO: common: yaml file: config\config.yaml loaded successfully]
[2024-12-18 16:41:31,124: INFO: common: yaml file: params.yaml loaded successfully]
[2024-12-18 16:41:31,125: INFO: common: yaml file: schema.yaml loaded successfully]
[2024-12-18 16:41:31,126: INFO: common: created directory at: artifacts]
[2024-12-18 16:41:31,127: INFO: common: created directory at: artifacts/data_transformation]
[2024-12-18 16:41:31,167: INFO: data_transformation: Splited data into training and test sets]
[2024-12-18 16:41:31,168: INFO: data_transformation: (1199, 12)]
[2024-12-18 16:41:31,168: INFO: data_transformation: (400, 12)]
[2024-12-18 16:41:31,169: INFO: main: >>>>>> stage Data Transformation stage completed <<<<<<

x==========x]
[2024-12-18 16:41:31,170: INFO: main: >>>>>> stage Model Trainer stage started <<<<<<]
[2024-12-18 16:41:31,173: INFO: common: yaml file: config\config.yaml loaded successfully]
[2024-12-18 16:41:31,174: INFO: common: yaml file: params.yaml loaded successfully]
[2024-12-18 16:41:31,177: INFO: common: yaml file: schema.yaml loaded successfully]
[2024-12-18 16:41:31,178: INFO: common: created directory at: artifacts]
[2024-12-18 16:41:31,178: INFO: common: created directory at: artifacts/model_trainer]
[2024-12-18 16:41:31,203: INFO: main: >>>>>> stage Model Trainer stage completed <<<<<<

x==========x]
[2024-12-18 16:41:31,204: INFO: main: >>>>>> stage Model evaluation stage started <<<<<<]
[2024-12-18 16:41:31,207: INFO: common: yaml file: config\config.yaml loaded successfully]
[2024-12-18 16:41:31,209: INFO: common: yaml file: params.yaml loaded successfully]
[2024-12-18 16:41:31,212: INFO: common: yaml file: schema.yaml loaded successfully]
[2024-12-18 16:41:31,213: INFO: common: created directory at: artifacts]
[2024-12-18 16:41:31,213: INFO: common: created directory at: artifacts/model_evaluation]
[2024-12-18 16:41:32,563: INFO: common: json file saved at: artifacts\model_evaluation\metrics.json]
[2024-12-18 16:41:42,058: INFO: main: >>>>>> stage Model evaluation stage completed <<<<<<

x==========x]
[2024-12-18 16:41:42,537: INFO: _internal: 127.0.0.1 - - [18/Dec/2024 16:41:42] "GET /train HTTP/1.1" 200 -]
